0 info it worked if it ends with ok
1 verbose cli [ '/usr/local/bin/node',
1 verbose cli   '/Users/ihatenonoildressing/.node_modules_global/bin/npm',
1 verbose cli   'run',
1 verbose cli   'build' ]
2 info using npm@3.5.1
3 info using node@v5.0.0
4 verbose run-script [ 'prebuild', 'build', 'postbuild' ]
5 info lifecycle react-rails-tutorial@1.0.0~prebuild: react-rails-tutorial@1.0.0
6 silly lifecycle react-rails-tutorial@1.0.0~prebuild: no script for prebuild, continuing
7 info lifecycle react-rails-tutorial@1.0.0~build: react-rails-tutorial@1.0.0
8 verbose lifecycle react-rails-tutorial@1.0.0~build: unsafe-perm in lifecycle true
9 verbose lifecycle react-rails-tutorial@1.0.0~build: PATH: /Users/ihatenonoildressing/.node_modules_global/lib/node_modules/npm/bin/node-gyp-bin:/Users/ihatenonoildressing/react-rails-tutorial/node_modules/.bin:/Users/ihatenonoildressing/.node_modules_global/bin:/Users/ihatenonoildressing/.rbenv/shims:/Users/ihatenonoildressing/.rbenv/shims:/Users/ihatenonoildressing/.rbenv/shims:/Users/ihatenonoildressing/.rbenv/bin:/Users/ihatenonoildressing/.rbenv/shims:/Users/ihatenonoildressing/.rbenv/bin:/Users/ihatenonoildressing/.rbenv/shims:/usr/local/bin:/usr/bin:/bin:/usr/sbin:/sbin:/opt/X11/bin:/usr/local/git/bin:/bin:/usr/bin:/usr/local/bin
10 verbose lifecycle react-rails-tutorial@1.0.0~build: CWD: /Users/ihatenonoildressing/react-rails-tutorial
11 silly lifecycle react-rails-tutorial@1.0.0~build: Args: [ '-c',
11 silly lifecycle   'browserify -t reactify app/assets/javascripts/components/side_menu.js.jsx > app/assets/javascripts/components/side_menu_build.js' ]
12 silly lifecycle react-rails-tutorial@1.0.0~build: Returned: code: 1  signal: null
13 info lifecycle react-rails-tutorial@1.0.0~build: Failed to exec build script
14 verbose stack Error: react-rails-tutorial@1.0.0 build: `browserify -t reactify app/assets/javascripts/components/side_menu.js.jsx > app/assets/javascripts/components/side_menu_build.js`
14 verbose stack Exit status 1
14 verbose stack     at EventEmitter.<anonymous> (/Users/ihatenonoildressing/.node_modules_global/lib/node_modules/npm/lib/utils/lifecycle.js:232:16)
14 verbose stack     at emitTwo (events.js:87:13)
14 verbose stack     at EventEmitter.emit (events.js:172:7)
14 verbose stack     at ChildProcess.<anonymous> (/Users/ihatenonoildressing/.node_modules_global/lib/node_modules/npm/lib/utils/spawn.js:24:14)
14 verbose stack     at emitTwo (events.js:87:13)
14 verbose stack     at ChildProcess.emit (events.js:172:7)
14 verbose stack     at maybeClose (internal/child_process.js:818:16)
14 verbose stack     at Process.ChildProcess._handle.onexit (internal/child_process.js:211:5)
15 verbose pkgid react-rails-tutorial@1.0.0
16 verbose cwd /Users/ihatenonoildressing/react-rails-tutorial
17 error Darwin 15.0.0
18 error argv "/usr/local/bin/node" "/Users/ihatenonoildressing/.node_modules_global/bin/npm" "run" "build"
19 error node v5.0.0
20 error npm  v3.5.1
21 error code ELIFECYCLE
22 error react-rails-tutorial@1.0.0 build: `browserify -t reactify app/assets/javascripts/components/side_menu.js.jsx > app/assets/javascripts/components/side_menu_build.js`
22 error Exit status 1
23 error Failed at the react-rails-tutorial@1.0.0 build script 'browserify -t reactify app/assets/javascripts/components/side_menu.js.jsx > app/assets/javascripts/components/side_menu_build.js'.
23 error Make sure you have the latest version of node.js and npm installed.
23 error If you do, this is most likely a problem with the react-rails-tutorial package,
23 error not with npm itself.
23 error Tell the author that this fails on your system:
23 error     browserify -t reactify app/assets/javascripts/components/side_menu.js.jsx > app/assets/javascripts/components/side_menu_build.js
23 error You can get information on how to open an issue for this project with:
23 error     npm bugs react-rails-tutorial
23 error Or if that isn't available, you can get their info via:
23 error     npm owner ls react-rails-tutorial
23 error There is likely additional logging output above.
24 verbose exit [ 1, true ]
